LAB6-1B                                                                                                       PAGE 1

                       1    $MOD52
                       2    
                       3    ;–î–∞–Ω–Ω–∞—è –ø—Ä–æ–≥—Ä–∞–º–º–∞ –æ–±–µ—Å–ø–µ—á–∏–≤–∞–µ—Ç –≤–≤–æ–¥ –∞–Ω–∞–ª–æ–≤–æ–≥–æ–π –∏–Ω
                                                                               —Ñ–æ—Ä–º–∞—Ü–∏–∏
                       4    ;–ø–æ—Å–ª–µ–¥–æ–≤–∞—Ç–µ–ª—å–Ω–æ –ø–æ –∫–∞–∂–¥–æ–º—É –∏–∑ 8 –∫–∞–Ω–∞–ª–æ–≤ (–ø–æ –æ–¥–Ω–æ–º—É
                                                                                –æ—Ç—Å—á—ë—Ç—É);
                       5    ;–Ω–∞—Ö–æ–¥–∏—Ç –º–∞–∫—Å–∏–º–∞–ª—å–Ω–æ–µ –∏ –º–∏–Ω–∏–º–∞–ª—å–Ω–æ–µ –∑–Ω–∞—á–µ–Ω–∏—è. –ú–∞–∫—
                                                                               Å–∏–º–∞–ª—å–Ω–æ–µ
                       6    ;–∑–Ω–∞—á–µ–Ω–∏–µ –≤—ã–≤–æ–¥–∏—Ç—Å—è –≤ –ø–æ—Ä—Ç—ã P0 –∏ P1 (P1.0 - P1.3),
                       7    ;–º–∏–Ω–∏–º–∞–ª—å–Ω–æ–µ - –≤ –ø–æ—Ä—Ç—ã P2 –∏ P1 (P1.4 - P1.7).
                       8    ;–ó–∞–ø—É—Å–∫ –≤—ã–ø–æ–ª–Ω—è–µ—Ç—Å—è –ø—Ä–æ–≥—Ä–∞–º–º–Ω–æ –ø–æ –ø—Ä–µ—Ä—ã–≤–∞–Ω–∏—é –ê–¶–ü
                       9    
  00EF                10    ADCCON1 EQU 0EFh
  00D8                11    ADCCON2 EQU 0D8h
  00F5                12    ADCCON3 EQU 0F5h
                      13    
  00D9                14    ADCDATAL EQU 0D9h
  00DA                15    ADCDATAH EQU 0DAh 
                      16    
                      17    ;–ú–∏–Ω–∏–º–∞–ª—å–Ω–æ–µ –∏ –º–∞–∫—Å–∏–º–∞–ª—å–Ω–æ–µ —Å—á–∏—Ç–∞–Ω–Ω—ã–µ –∑–Ω–∞—á–µ–Ω–∏—è
  0030                18    MINL EQU 30h
  0031                19    MINH EQU 31h
  0032                20    MAXL EQU 32h
  0033                21    MAXH EQU 33h
                      22    
                      23    ;–ß–∏—Å–ª–æ –∫–∞–Ω–∞–ª–æ–≤
  0008                24    CHANNEL_NUMBER EQU 08h
                      25    
0000                  26    ORG 00h
0000 02007A           27            jmp start
                      28            
0033                  29    ORG 33h
                      30            ;–ü—Ä–æ–≤–µ—Ä—è–µ–º, —è–≤–ª—è–µ—Ç—Å—è –ª–∏ –ø–æ–ª—É—á–µ–Ω–Ω–æ–µ –∑–Ω–∞—á–µ–Ω–∏–µ –º–
                                                                               ∏–Ω–∏–º–∞–ª—å–Ω—ã–º
                      31            ;–ü—Ä–æ–≤–µ—Ä—è–µ–º —Å—Ç–∞—Ä—à–∏–π –±–∞–π—Ç
0033 E5DA             32            mov A, ADCDATAH
0035 540F             33            anl A, #0Fh
0037 F9               34            mov R1, A
0038 C3               35            clr C
0039 7831             36            mov R0, #MINH
003B E6               37            mov A, @R0
003C 99               38            subb A, R1
003D 4019             39            jc check_max; –ï—Å–ª–∏ —Å—Ç–∞—Ä—à–∏–π –±–∞–π—Ç –ø–æ–ª—É—á–µ–Ω–Ω–æ–≥–æ –∑–Ω–∞—á–µ–Ω–∏
                                                                               —è –±–æ–ª—å—à–µ –∏–ª–∏ —Ä–∞–≤–µ–Ω —Å—Ç–∞—
                                                                               Ä—à–µ–º—É –±–∞–π—Ç—É –º–∏–Ω–∏–º–∞–ª—å–Ω–æ
                                                                               –≥–æ, –Ω–µ –ø—Ä–æ–¥–æ–ª–∂–∞–µ–º –ø—Ä–æ–≤–
                                                                               µ—Ä–∫—É
003F 700B             40            jnz save_min
                      41            
                      42            ;–ü—Ä–æ–≤–µ—Ä—è–µ–º –º–ª–∞–¥—à–∏–π –±–∞–π—Ç
0041 C3               43            clr C
0042 A9D9             44            mov R1, ADCDATAL
0044 7830             45            mov R0, #MINL
0046 E6               46            mov A, @R0
0047 99               47            subb A, R1
0048 400E             48            jc check_max; –ï—Å–ª–∏ –º–ª–∞–¥—à–∏–π –±–∞–π—Ç –ø–æ–ª—É—á–µ–Ω–Ω–æ–≥–æ –∑–Ω–∞—á–µ–Ω–∏
                                                                               —è –±–æ–ª—å—à–µ –∏–ª–∏ —Ä–∞–≤–µ–Ω —Å—Ç–∞—
                                                                               Ä—à–µ–º—É –±–∞–π—Ç—É –º–∏–Ω–∏–º–∞–ª—å–Ω–æ
LAB6-1B                                                                                                       PAGE 2

                                                                               –≥–æ,
004A 600C             49            jz check_max; —Ç–æ –Ω–∏—á–µ–≥–æ –Ω–µ –¥–µ–ª–∞–µ–º
                      50    
004C                  51    save_min:       
                      52            ;–ó–∞–ø–∏—Å—ã–≤–∞–µ–º –º–ª–∞–¥—à–∏–π –±–∞–π—Ç
004C E5D9             53            mov A, ADCDATAL
004E 7830             54            mov R0, #MINL
0050 F6               55            mov @R0, A
                      56            
                      57            ;–ó–∞–ø–∏—Å—ã–≤–∞–µ–º —Å—Ç–∞—Ä—à–∏–π –±–∞–π—Ç
0051 7831             58            mov R0, #MINH
0053 E5DA             59            mov A, ADCDATAH
0055 540F             60            anl A, #0Fh
0057 F6               61            mov @R0, A
                      62            
0058                  63    check_max:
                      64            ;–ü—Ä–æ–≤–µ—Ä—è–µ–º, —è–≤–ª—è–µ—Ç—Å—è –ª–∏ –ø–æ–ª—É—á–µ–Ω–Ω–æ–µ –∑–Ω–∞—á–µ–Ω–∏–µ –º–
                                                                               ∏–Ω–∏–º–∞–ª—å–Ω—ã–º
                      65            ;–ü—Ä–æ–≤–µ—Ä—è–µ–º —Å—Ç–∞—Ä—à–∏–π –±–∞–π—Ç
0058 E5DA             66            mov A, ADCDATAH
005A 540F             67            anl A, #0Fh
005C F9               68            mov R1, A
005D C3               69            clr C
005E 7833             70            mov R0, #MAXH
0060 E6               71            mov A, @R0
0061 99               72            subb A, R1
0062 4009             73            jc save_max; –ï—Å–ª–∏ —Å—Ç–∞—Ä—à–∏–π –±–∞–π—Ç –ø–æ–ª—É—á–µ–Ω–Ω–æ–≥–æ –∑–Ω–∞—á–µ–Ω–∏—
                                                                               è –æ–∫–∞–∑–∞–ª—Å—è –±–æ–ª—å—à–µ —Å—Ç–∞—Ä—
                                                                               à–µ–≥–æ –±–∞–π—Ç–∞ –º–∞–∫—Å–∏–º–∞–ª—å–Ω–æ
                                                                               –≥–æ
                      74            
                      75            ;–ü—Ä–æ–≤–µ—Ä—è–µ–º –º–ª–∞–¥—à–∏–π –±–∞–π—Ç
0064 C3               76            clr C
0065 A9D9             77            mov R1, ADCDATAL
0067 7832             78            mov R0, #MAXL
0069 E6               79            mov A, @R0
006A 99               80            subb A, R1
006B 500C             81            jnc end_of_handler; –ï—Å–ª–∏ –º–ª–∞–¥—à–∏–π –±–∞–π—Ç –ø–æ–ª—É—á–µ–Ω–Ω–æ–≥–æ –∑–Ω–∞—á
                                                                               –µ–Ω–∏—è –æ–∫–∞–∑–∞–ª—Å—è –º–µ–Ω—å—à–∏–º 
                                                                               –∏–ª–∏ —Ä–∞–≤–Ω—ã–º –º–ª–∞–¥—à–µ–º—É –±–∞
                                                                               –π—Ç—É –º–∞–∫—Å–∏–º–∞–ª—å–Ω–æ–≥–æ
                      82            
006D                  83    save_max:
                      84            ;–ó–∞–ø–∏—Å—ã–≤–∞–µ–º –º–ª–∞–¥—à–∏–π –±–∞–π—Ç
006D E5D9             85            mov A, ADCDATAL
006F 7832             86            mov R0, #MAXL
0071 F6               87            mov @R0, A
                      88            
                      89            ;–ó–∞–ø–∏—Å—ã–≤–∞–µ–º —Å—Ç–∞—Ä—à–∏–π –±–∞–π—Ç
0072 7833             90            mov R0, #MAXH
0074 E5DA             91            mov A, ADCDATAH
0076 540F             92            anl A, #0Fh
0078 F6               93            mov @R0, A
                      94            
0079                  95    end_of_handler:
0079 32               96            reti
007A                  97    start:
                      98            ;–°—Ç–µ–∫ —Ä–∞—Å—Ç—ë—Ç –≤–≤–µ—Ä—Ö - —É–∫–∞–∑–∞—Ç–µ–ª—å —É–∫–∞–∑—ã–≤–∞–µ—Ç –Ω–∞ –ø–µ—
LAB6-1B                                                                                                       PAGE 3

                                                                               Ä–≤—ã–π –±–∞–π—Ç –ø–æ—Å–ª–µ –ø—Ä–æ–≥—Ä–∞–
                                                                               º–º—ã
007A 7581C2           99            mov SP, #stack
                     100            
                     101            ;–†–∞–∑—Ä–µ—à–∞–µ–º –ø—Ä–µ—Ä—ã–≤–∞–Ω–∏—è –ê–¶–ü
007D 75A8C0          102            mov IE, #0C0h
                     103            
                     104            ;–ù–∞—Å—Ç—Ä–æ–π–∫–∞ –ê–¶–ü
                     105            ;–†–∞–±–æ—Ç–∞ –≤ –Ω–æ—Ä–º–∞–ª—å–Ω–æ–º —Ä–µ–∂–∏–º–µ
0080 75EF40          106            mov ADCCON1, #40h
0083 75D800          107            mov ADCCON2, #00h
                     108            
0086 7830            109            mov R0, #MINL
0088 76FF            110            mov @R0, #0FFh
008A 7831            111            mov R0, #MINH
008C 76FF            112            mov @R0, #0FFh
                     113            
008E 7832            114            mov R0, #MAXL
0090 7600            115            mov @R0, #00h
0092 7833            116            mov R0, #MAXH
0094 7600            117            mov @R0, #00h
                     118            
                     119            ;–°—á—ë—Ç—á–∏–∫ —á–∏—Å–ª–∞ –∫–∞–Ω–∞–ª–æ–≤
0096 7A00            120            mov R2, #00h
                     121            
0098                 122    continue:
                     123            ;–§–æ—Ä–º–∏—Ä—É–µ–º –∑–Ω–∞—á–µ–Ω–∏–µ —Ä–µ–≥–∏—Å—Ç—Ä–∞ ADCCON2
0098 7410            124            mov A, #10h
009A 4A              125            orl A, R2
009B F5D8            126            mov ADCCON2, A
                     127    
009D                 128    prepare_for_next_val:
009D 0A              129            inc R2
009E C3              130            clr C
009F EA              131            mov A, R2
00A0 9408            132            subb A, #08h
00A2 70F4            133            jnz continue
                     134            
                     135    ;–í—ã–≤–æ–¥–∏–º –º–∏–Ω–∏–º—É–º –∏ –º–∞–∫—Å–∏–º—É–º –≤ –ø–æ—Ä—Ç—ã
00A4 7830            136            mov R0, #MINL
00A6 E6              137            mov A, @R0
00A7 F580            138            mov P0, A
                     139            
00A9 7831            140            mov R0, #MINH
00AB E6              141            mov A, @R0
00AC 540F            142            anl A, #0Fh
00AE F9              143            mov R1, A
                     144            
00AF 7833            145            mov R0, #MAXH
00B1 E6              146            mov A, @R0
00B2 540F            147            anl A, #0Fh
00B4 75F010          148            mov B, #010h
00B7 A4              149            mul AB
00B8 49              150            orl A, R1
00B9 F590            151            mov P1, A
                     152            
00BB 7832            153            mov R0, #MAXL
00BD E6              154            mov A, @R0
LAB6-1B                                                                                                       PAGE 4

00BE F5A0            155            mov P2, A
                     156            
                     157    ;–ö–æ–Ω–µ—Ü –ø—Ä–æ–≥—Ä–∞–º–º—ã
00C0                 158    lp:
00C0 80FE            159            jmp lp
                     160            
00C2                 161    stack:
                     162    
                     163    END

VERSION 1.2h ASSEMBLY COMPLETE, 0 ERRORS FOUND
LAB6-1B                                                                                                       PAGE 5

ADCCON1. . . . . . . . . . . . .    NUMB  00EFH  
ADCCON2. . . . . . . . . . . . .    NUMB  00D8H  
ADCCON3. . . . . . . . . . . . .    NUMB  00F5H  NOT USED  
ADCDATAH . . . . . . . . . . . .    NUMB  00DAH  
ADCDATAL . . . . . . . . . . . .    NUMB  00D9H  
B. . . . . . . . . . . . . . . .  D ADDR  00F0H  PREDEFINED  
CHANNEL_NUMBER . . . . . . . . .    NUMB  0008H  NOT USED  
CHECK_MAX. . . . . . . . . . . .  C ADDR  0058H  
CONTINUE . . . . . . . . . . . .  C ADDR  0098H  
END_OF_HANDLER . . . . . . . . .  C ADDR  0079H  
IE . . . . . . . . . . . . . . .  D ADDR  00A8H  PREDEFINED  
LP . . . . . . . . . . . . . . .  C ADDR  00C0H  
MAXH . . . . . . . . . . . . . .    NUMB  0033H  
MAXL . . . . . . . . . . . . . .    NUMB  0032H  
MINH . . . . . . . . . . . . . .    NUMB  0031H  
MINL . . . . . . . . . . . . . .    NUMB  0030H  
P0 . . . . . . . . . . . . . . .  D ADDR  0080H  PREDEFINED  
P1 . . . . . . . . . . . . . . .  D ADDR  0090H  PREDEFINED  
P2 . . . . . . . . . . . . . . .  D ADDR  00A0H  PREDEFINED  
PREPARE_FOR_NEXT_VAL . . . . . .  C ADDR  009DH  NOT USED  
SAVE_MAX . . . . . . . . . . . .  C ADDR  006DH  
SAVE_MIN . . . . . . . . . . . .  C ADDR  004CH  
SP . . . . . . . . . . . . . . .  D ADDR  0081H  PREDEFINED  
STACK. . . . . . . . . . . . . .  C ADDR  00C2H  
START. . . . . . . . . . . . . .  C ADDR  007AH  
