LAB6-3                                                                                                        PAGE 1

                       1    $MOD52
                       2    
                       3    ;–î–∞–Ω–Ω–∞—è –ø—Ä–æ–≥—Ä–∞–º–º–∞ –æ–±–µ—Å–ø–µ—á–∏–≤–∞–µ—Ç –≤–≤–æ–¥ –∞–Ω–∞–ª–æ–≥–æ–≤–æ–π –∏–Ω
                                                                               —Ñ–æ—Ä–º–∞—Ü–∏–∏ –ø–æ –æ–¥–Ω–æ–º—É –∏–∑ –
                                                                               ∫–∞–Ω–∞–ª–æ–≤ (32 –æ—Ç—Å—á—ë—Ç–∞)
                       4    ;–∏ –∑–∞–ø–∏—Å—å —Ä–µ–∑—É–ª—å—Ç–∞—Ç–∞ –ø—Ä–µ–æ–±—Ä–∞–∑–æ–≤–∞–Ω–∏—è –≤–æ –≤–Ω–µ—à–Ω—é—é –ø–∞–
                                                                               º—è—Ç—å –¥–∞–Ω–Ω—ã—Ö –≤ —Ä–µ–∂–∏–º–µ –ø—Ä
                                                                               —è–º–æ–≥–æ –¥–æ—Å—Ç—É–ø–∞.
                       5    
  00EF                 6    ADCCON1 EQU 0EFh
  00D8                 7    ADCCON2 EQU 0D8h
  00F5                 8    ADCCON3 EQU 0F5h
                       9    
  00D9                10    ADCDATAL EQU 0D9h
  00DA                11    ADCDATAH EQU 0DAh 
                      12    
  00D2                13    DMAL EQU 0D2h
  00D3                14    DMAH EQU 0D3h
  00D4                15    DMAP EQU 0D4h
                      16    
  0030                17    COUNTER EQU 30h
                      18    
0000                  19    ORG 00h
0000                  20    start:
                      21            ;–†–∞–∑–º–µ—Ç–∫–∞ –≤–Ω–µ—à–Ω–µ–π —Å—Ç–∞—Ç–∏—á–µ—Å–∫–æ–π –ø–∞–º—è—Ç–∏
0000 758200           22            mov DPL, #00h
0003 758300           23            mov DPH, #00h
                      24            
0006 7400             25            mov A, #00h
0008 F0               26            movx @DPTR, A
                      27            
0009 0582             28            inc DPL
000B F0               29            movx @DPTR, A
                      30            
000C 0582             31            inc DPL
000E 74F0             32            mov A, #0F0h ; –ö–æ–Ω–µ—Ü —Ç–∞–±–ª–∏—Ü—ã
0010 F0               33            movx @DPTR, A
                      34            
0011 0582             35            inc DPL
0013 7400             36            mov A, #00h
0015 F0               37            movx @DPTR, A
                      38            
0016 7830             39            mov R0, #COUNTER
0018 7600             40            mov @R0, #00h
                      41            
                      42            ;–†–∞–∑—Ä–µ—à–∞–µ–º –ø—Ä–µ—Ä—ã–≤–∞–Ω–∏—è –ê–¶–ü
001A 75A8C0           43            mov IE, #0C0h
                      44            
                      45            ;–ù–∞—Å—Ç—Ä–æ–π–∫–∞ –ê–¶–ü
                      46            ;–†–∞–±–æ—Ç–∞ –≤ –Ω–æ—Ä–º–∞–ª—å–Ω–æ–º —Ä–µ–∂–∏–º–µ
001D 75EF40           47            mov ADCCON1, #40h
                      48            
                      49            ;–†–∞–∑—Ä–µ—à–µ–Ω–∏–µ —Ä–µ–∂–∏–º–∞ –ü–î–ü
                      50            ;–ß–∏—Ç–∞–µ–º –∫–∞–Ω–∞–ª 0
0020 75D860           51            mov ADCCON2, #60h
                      52            
                      53            ;–ö–æ–Ω–µ—Ü –ø—Ä–æ–≥—Ä–∞–º–º—ã
0023                  54    lp:
LAB6-3                                                                                                        PAGE 2

                      55            ;mov A, ADCCON3
                      56            ;anl A, #80h
                      57            ;clr C
                      58            ;subb A, #80h; –ñ–¥—ë–º, –ø–æ–∫–∞ —Å–±—Ä–æ—Å–∏—Ç—Å—è —Ñ–ª–∞–≥ busy
                      59            ;jz lp
                      60            
                      61            ;mov ADCCON2, #60h
0023 80FE             62            jmp lp
                      63            
                      64    ;–û–±—Ä–∞–±–æ—Ç—á–∏–∫ –ø—Ä–µ—Ä—ã–≤–∞–Ω–∏—è –ê–¶–ü
0033                  65    ORG 33h
0033 75D800           66            mov ADCCON2, #00h
0036 06               67            inc @R0
0037 E6               68            mov A, @R0
0038 C3               69            clr C
0039 9420             70            subb A, #20h
003B 600C             71            jz end_of_handler
                      72    
003D 75D200           73            mov DMAL, #00h; –ü–µ—Ä–µ–∏–Ω–∏—Ü–∏–∞–ª–∏–∑–∏—Ä—É–µ–º DMAPHL –¥–ª—è –ø—Ä–∏—ë–º–∞ —Å–ª
                                                                               –µ–¥—É—é—â–µ–≥–æ –∑–Ω–∞—á–µ–Ω–∏—è
0040 75D300           74            mov DMAH, #00h
0043 75D400           75            mov DMAP, #00h
                      76            
0046 75D860           77            mov ADCCON2, #60h
                      78                    
0049                  79    end_of_handler:
0049 32               80            reti
                      81    END

VERSION 1.2h ASSEMBLY COMPLETE, 0 ERRORS FOUND
LAB6-3                                                                                                        PAGE 3

ADCCON1. . . . . . . . . . . . .    NUMB  00EFH  
ADCCON2. . . . . . . . . . . . .    NUMB  00D8H  
ADCCON3. . . . . . . . . . . . .    NUMB  00F5H  NOT USED  
ADCDATAH . . . . . . . . . . . .    NUMB  00DAH  NOT USED  
ADCDATAL . . . . . . . . . . . .    NUMB  00D9H  NOT USED  
COUNTER. . . . . . . . . . . . .    NUMB  0030H  
DMAH . . . . . . . . . . . . . .    NUMB  00D3H  
DMAL . . . . . . . . . . . . . .    NUMB  00D2H  
DMAP . . . . . . . . . . . . . .    NUMB  00D4H  
DPH. . . . . . . . . . . . . . .  D ADDR  0083H  PREDEFINED  
DPL. . . . . . . . . . . . . . .  D ADDR  0082H  PREDEFINED  
END_OF_HANDLER . . . . . . . . .  C ADDR  0049H  
IE . . . . . . . . . . . . . . .  D ADDR  00A8H  PREDEFINED  
LP . . . . . . . . . . . . . . .  C ADDR  0023H  
START. . . . . . . . . . . . . .  C ADDR  0000H  NOT USED  
