LAB6-1C                                                                                                       PAGE 1

                       1    $MOD52
                       2    
                       3    ;–î–∞–Ω–Ω–∞—è –ø—Ä–æ–≥—Ä–∞–º–º–∞ –æ–±–µ—Å–ø–µ—á–∏–≤–∞–µ—Ç –≤–≤–æ–¥ –∞–Ω–∞–ª–æ–≤–æ–≥–æ–π –∏–Ω
                                                                               —Ñ–æ—Ä–º–∞—Ü–∏–∏
                       4    ;–ø–æ—Å–ª–µ–¥–æ–≤–∞—Ç–µ–ª—å–Ω–æ –ø–æ –∫–∞–∂–¥–æ–º—É –∏–∑ 8 –∫–∞–Ω–∞–ª–æ–≤ (–ø–æ –æ–¥–Ω–æ–º—É
                                                                                –æ—Ç—Å—á—ë—Ç—É);
                       5    ;–Ω–∞—Ö–æ–¥–∏—Ç –º–∞–∫—Å–∏–º–∞–ª—å–Ω–æ–µ –∏ –º–∏–Ω–∏–º–∞–ª—å–Ω–æ–µ –∑–Ω–∞—á–µ–Ω–∏—è. –ú–∞–∫—
                                                                               Å–∏–º–∞–ª—å–Ω–æ–µ
                       6    ;–∑–Ω–∞—á–µ–Ω–∏–µ –≤—ã–≤–æ–¥–∏—Ç—Å—è –≤ –ø–æ—Ä—Ç—ã P0 –∏ P1 (P1.0 - P1.3),
                       7    ;–º–∏–Ω–∏–º–∞–ª—å–Ω–æ–µ - –≤ –ø–æ—Ä—Ç—ã P2 –∏ P1 (P1.4 - P1.7).
                       8    ;–ó–∞–ø—É—Å–∫ –≤—ã–ø–æ–ª–Ω—è–µ—Ç—Å—è –≤–Ω–µ—à–Ω–∏–º —Å–∏–≥–Ω–∞–ª–æ–º P3.5
                       9    
                      10    ;–ì–î–ï CONVST???
                      11    
  00EF                12    ADCCON1 EQU 0EFh
  00D8                13    ADCCON2 EQU 0D8h
  00F5                14    ADCCON3 EQU 0F5h
                      15    
  00D9                16    ADCDATAL EQU 0D9h
  00DA                17    ADCDATAH EQU 0DAh 
                      18    
                      19    ;–ú–∏–Ω–∏–º–∞–ª—å–Ω–æ–µ –∏ –º–∞–∫—Å–∏–º–∞–ª—å–Ω–æ–µ —Å—á–∏—Ç–∞–Ω–Ω—ã–µ –∑–Ω–∞—á–µ–Ω–∏—è
  0030                20    MINL EQU 30h
  0031                21    MINH EQU 31h
  0032                22    MAXL EQU 32h
  0033                23    MAXH EQU 33h
                      24    
                      25    ;–ß–∏—Å–ª–æ –∫–∞–Ω–∞–ª–æ–≤
  0008                26    CHANNEL_NUMBER EQU 08h
                      27    
0000                  28    ORG 00h
0000                  29    start:
                      30            ;–ù–∞—Å—Ç—Ä–æ–π–∫–∞ –ê–¶–ü
                      31            ;–†–∞–±–æ—Ç–∞ –≤ –Ω–æ—Ä–º–∞–ª—å–Ω–æ–º —Ä–µ–∂–∏–º–µ
                      32            ;–ó–∞–ø—É—Å–∫ –ø—Ä–µ–æ–±—Ä–∞–∑–æ–≤–∞–Ω–∏—è –≤–Ω–µ—à–Ω–∏–º —Å–∏–≥–Ω–∞–ª–æ–º
0000 75EF81           33            mov ADCCON1, #81h
0003 75D800           34            mov ADCCON2, #00h
                      35            
0006 7830             36            mov R0, #MINL
0008 76FF             37            mov @R0, #0FFh
000A 7831             38            mov R0, #MINH
000C 76FF             39            mov @R0, #0FFh
                      40            
000E 7832             41            mov R0, #MAXL
0010 7600             42            mov @R0, #00h
0012 7833             43            mov R0, #MAXH
0014 7600             44            mov @R0, #00h
                      45            
                      46            ;–°—á—ë—Ç—á–∏–∫ —á–∏—Å–ª–∞ –∫–∞–Ω–∞–ª–æ–≤
0016 7A00             47            mov R2, #00h
                      48            
0018                  49    continue:
                      50            
                      51            
                      52            ;–ñ–¥—ë–º –∑–∞–≤–µ—Ä—à–µ–Ω–∏—è –ø—Ä–µ–æ–±—Ä–∞–∑–æ–≤–∞–Ω–∏—è
0018                  53    wait_for_conversion:
0018 E5F5             54            mov A, ADCCON3
001A 5480             55            anl A, #080h; –í—ã–¥–µ–ª—è–µ–º —Ñ–ª–∞–≥ busy
LAB6-1C                                                                                                       PAGE 2

001C C3               56            clr C
001D 9480             57            subb A, #080h; –°–±—Ä–æ—à–µ–Ω –ª–∏ —Ñ–ª–∞–≥ busy
001F 60F7             58            jz wait_for_conversion
                      59            
                      60            ;–ü—Ä–æ–≤–µ—Ä—è–µ–º, —è–≤–ª—è–µ—Ç—Å—è –ª–∏ –ø–æ–ª—É—á–µ–Ω–Ω–æ–µ –∑–Ω–∞—á–µ–Ω–∏–µ –º–
                                                                               ∏–Ω–∏–º–∞–ª—å–Ω—ã–º
                      61            ;–ü—Ä–æ–≤–µ—Ä—è–µ–º —Å—Ç–∞—Ä—à–∏–π –±–∞–π—Ç
0021 E5DA             62            mov A, ADCDATAH
0023 540F             63            anl A, #0Fh
0025 F9               64            mov R1, A
0026 C3               65            clr C
0027 7831             66            mov R0, #MINH
0029 E6               67            mov A, @R0
002A 99               68            subb A, R1
002B 4019             69            jc check_max; –ï—Å–ª–∏ —Å—Ç–∞—Ä—à–∏–π –±–∞–π—Ç –ø–æ–ª—É—á–µ–Ω–Ω–æ–≥–æ –∑–Ω–∞—á–µ–Ω–∏
                                                                               —è –±–æ–ª—å—à–µ –∏–ª–∏ —Ä–∞–≤–µ–Ω —Å—Ç–∞—
                                                                               Ä—à–µ–º—É –±–∞–π—Ç—É –º–∏–Ω–∏–º–∞–ª—å–Ω–æ
                                                                               –≥–æ, –Ω–µ –ø—Ä–æ–¥–æ–ª–∂–∞–µ–º –ø—Ä–æ–≤–
                                                                               µ—Ä–∫—É
002D 700B             70            jnz save_min
                      71            
                      72            ;–ü—Ä–æ–≤–µ—Ä—è–µ–º –º–ª–∞–¥—à–∏–π –±–∞–π—Ç
002F C3               73            clr C
0030 A9D9             74            mov R1, ADCDATAL
0032 7830             75            mov R0, #MINL
0034 E6               76            mov A, @R0
0035 99               77            subb A, R1
0036 400E             78            jc check_max; –ï—Å–ª–∏ –º–ª–∞–¥—à–∏–π –±–∞–π—Ç –ø–æ–ª—É—á–µ–Ω–Ω–æ–≥–æ –∑–Ω–∞—á–µ–Ω–∏
                                                                               —è –±–æ–ª—å—à–µ –∏–ª–∏ —Ä–∞–≤–µ–Ω —Å—Ç–∞—
                                                                               Ä—à–µ–º—É –±–∞–π—Ç—É –º–∏–Ω–∏–º–∞–ª—å–Ω–æ
                                                                               –≥–æ,
0038 600C             79            jz check_max; —Ç–æ –Ω–∏—á–µ–≥–æ –Ω–µ –¥–µ–ª–∞–µ–º
                      80    
003A                  81    save_min:       
                      82            ;–ó–∞–ø–∏—Å—ã–≤–∞–µ–º –º–ª–∞–¥—à–∏–π –±–∞–π—Ç
003A E5D9             83            mov A, ADCDATAL
003C 7830             84            mov R0, #MINL
003E F6               85            mov @R0, A
                      86            
                      87            ;–ó–∞–ø–∏—Å—ã–≤–∞–µ–º —Å—Ç–∞—Ä—à–∏–π –±–∞–π—Ç
003F 7831             88            mov R0, #MINH
0041 E5DA             89            mov A, ADCDATAH
0043 540F             90            anl A, #0Fh
0045 F6               91            mov @R0, A
                      92            
0046                  93    check_max:
                      94            ;–ü—Ä–æ–≤–µ—Ä—è–µ–º, —è–≤–ª—è–µ—Ç—Å—è –ª–∏ –ø–æ–ª—É—á–µ–Ω–Ω–æ–µ –∑–Ω–∞—á–µ–Ω–∏–µ –º–
                                                                               ∏–Ω–∏–º–∞–ª—å–Ω—ã–º
                      95            ;–ü—Ä–æ–≤–µ—Ä—è–µ–º —Å—Ç–∞—Ä—à–∏–π –±–∞–π—Ç
0046 E5DA             96            mov A, ADCDATAH
0048 540F             97            anl A, #0Fh
004A F9               98            mov R1, A
004B C3               99            clr C
004C 7833            100            mov R0, #MAXH
004E E6              101            mov A, @R0
004F 99              102            subb A, R1
0050 4009            103            jc save_max; –ï—Å–ª–∏ —Å—Ç–∞—Ä—à–∏–π –±–∞–π—Ç –ø–æ–ª—É—á–µ–Ω–Ω–æ–≥–æ –∑–Ω–∞—á–µ–Ω–∏—
                                                                               è –æ–∫–∞–∑–∞–ª—Å—è –±–æ–ª—å—à–µ —Å—Ç–∞—Ä—
LAB6-1C                                                                                                       PAGE 3

                                                                               à–µ–≥–æ –±–∞–π—Ç–∞ –º–∞–∫—Å–∏–º–∞–ª—å–Ω–æ
                                                                               –≥–æ
                     104            
                     105            ;–ü—Ä–æ–≤–µ—Ä—è–µ–º –º–ª–∞–¥—à–∏–π –±–∞–π—Ç
0052 C3              106            clr C
0053 A9D9            107            mov R1, ADCDATAL
0055 7832            108            mov R0, #MAXL
0057 E6              109            mov A, @R0
0058 99              110            subb A, R1
0059 500C            111            jnc prepare_for_next_val; –ï—Å–ª–∏ –º–ª–∞–¥—à–∏–π –±–∞–π—Ç –ø–æ–ª—É—á–µ–Ω–Ω–æ–≥–æ –∑
                                                                               –Ω–∞—á–µ–Ω–∏—è –æ–∫–∞–∑–∞–ª—Å—è –º–µ–Ω—å—
                                                                               à–∏–º –∏–ª–∏ —Ä–∞–≤–Ω—ã–º –º–ª–∞–¥—à–µ–º—
                                                                               É –±–∞–π—Ç—É –º–∞–∫—Å–∏–º–∞–ª—å–Ω–æ–≥–æ
                     112            
005B                 113    save_max:
                     114            ;–ó–∞–ø–∏—Å—ã–≤–∞–µ–º –º–ª–∞–¥—à–∏–π –±–∞–π—Ç
005B E5D9            115            mov A, ADCDATAL
005D 7832            116            mov R0, #MAXL
005F F6              117            mov @R0, A
                     118            
                     119            ;–ó–∞–ø–∏—Å—ã–≤–∞–µ–º —Å—Ç–∞—Ä—à–∏–π –±–∞–π—Ç
0060 7833            120            mov R0, #MAXH
0062 E5DA            121            mov A, ADCDATAH
0064 540F            122            anl A, #0Fh
0066 F6              123            mov @R0, A
                     124    
0067                 125    prepare_for_next_val:
0067 0A              126            inc R2
0068 C3              127            clr C
0069 EA              128            mov A, R2
006A 9408            129            subb A, #08h
006C 70AA            130            jnz continue
                     131            
                     132    ;–ö–æ–Ω–µ—Ü –ø—Ä–æ–≥—Ä–∞–º–º—ã
006E                 133    lp:
006E 80FE            134            jmp lp
                     135    
                     136    END

VERSION 1.2h ASSEMBLY COMPLETE, 0 ERRORS FOUND
LAB6-1C                                                                                                       PAGE 4

ADCCON1. . . . . . . . . . . . .    NUMB  00EFH  
ADCCON2. . . . . . . . . . . . .    NUMB  00D8H  
ADCCON3. . . . . . . . . . . . .    NUMB  00F5H  
ADCDATAH . . . . . . . . . . . .    NUMB  00DAH  
ADCDATAL . . . . . . . . . . . .    NUMB  00D9H  
CHANNEL_NUMBER . . . . . . . . .    NUMB  0008H  NOT USED  
CHECK_MAX. . . . . . . . . . . .  C ADDR  0046H  
CONTINUE . . . . . . . . . . . .  C ADDR  0018H  
LP . . . . . . . . . . . . . . .  C ADDR  006EH  
MAXH . . . . . . . . . . . . . .    NUMB  0033H  
MAXL . . . . . . . . . . . . . .    NUMB  0032H  
MINH . . . . . . . . . . . . . .    NUMB  0031H  
MINL . . . . . . . . . . . . . .    NUMB  0030H  
PREPARE_FOR_NEXT_VAL . . . . . .  C ADDR  0067H  
SAVE_MAX . . . . . . . . . . . .  C ADDR  005BH  
SAVE_MIN . . . . . . . . . . . .  C ADDR  003AH  
START. . . . . . . . . . . . . .  C ADDR  0000H  NOT USED  
WAIT_FOR_CONVERSION. . . . . . .  C ADDR  0018H  
